0 info it worked if it ends with ok
1 verbose cli [ 'C:\\Program Files\\nodejs\\node.exe',
1 verbose cli   'C:\\Program Files\\nodejs\\node_modules\\npm\\bin\\npm-cli.js',
1 verbose cli   'start' ]
2 info using npm@3.10.10
3 info using node@v6.11.4
4 verbose run-script [ 'prestart', 'start', 'poststart' ]
5 info lifecycle slowdown4studentsprototyp@0.0.0~prestart: slowdown4studentsprototyp@0.0.0
6 silly lifecycle slowdown4studentsprototyp@0.0.0~prestart: no script for prestart, continuing
7 info lifecycle slowdown4studentsprototyp@0.0.0~start: slowdown4studentsprototyp@0.0.0
8 verbose lifecycle slowdown4studentsprototyp@0.0.0~start: unsafe-perm in lifecycle true
9 verbose lifecycle slowdown4studentsprototyp@0.0.0~start: PATH: C:\Program Files\nodejs\node_modules\npm\bin\node-gyp-bin;C:\Users\Müller Christina\Documents\GitHub\slowdown4students_frontend\slowdown4studentsprototype_19.11_front-end\node_modules\.bin;C:\MinGW\bin;C:\MinGW\msys\1.0\bin;C:\Program Files\Java\jdk1.8.0_101\bin;C:\Program Files\MiKTeX 2.9\miktex\bin\x64\;C:\Program Files (x86)\Git\cmd;C:\Users\Müller Christina\AppData\Local\Programs\Python\Python36-32;C:\Program Files\nodejs\;C:\Program Files\MySQL\MySQL Utilities 1.6\;C:\Users\Müller Christina\AppData\Local\Programs\Python\Python36-32\Scripts\;C:\Users\Müller Christina\AppData\Local\Programs\Python\Python36-32\;C:\Program Files\Java\jdk1.8.0_101\bin;C:\Users\Müller Christina\AppData\Local\GitHubDesktop\bin;C:\Program Files\Microsoft VS Code\bin;C:\Users\Müller Christina\AppData\Roaming\npm
10 verbose lifecycle slowdown4studentsprototyp@0.0.0~start: CWD: C:\Users\Müller Christina\Documents\GitHub\slowdown4students_frontend\slowdown4studentsprototype_19.11_front-end
11 silly lifecycle slowdown4studentsprototyp@0.0.0~start: Args: [ '/d /s /c', 'node app' ]
12 silly lifecycle slowdown4studentsprototyp@0.0.0~start: Returned: code: 3221225786  signal: null
13 info lifecycle slowdown4studentsprototyp@0.0.0~start: Failed to exec start script
14 verbose stack Error: slowdown4studentsprototyp@0.0.0 start: `node app`
14 verbose stack Exit status 3221225786
14 verbose stack     at EventEmitter.<anonymous> (C:\Program Files\nodejs\node_modules\npm\lib\utils\lifecycle.js:255:16)
14 verbose stack     at emitTwo (events.js:106:13)
14 verbose stack     at EventEmitter.emit (events.js:191:7)
14 verbose stack     at ChildProcess.<anonymous> (C:\Program Files\nodejs\node_modules\npm\lib\utils\spawn.js:40:14)
14 verbose stack     at emitTwo (events.js:106:13)
14 verbose stack     at ChildProcess.emit (events.js:191:7)
14 verbose stack     at maybeClose (internal/child_process.js:920:16)
14 verbose stack     at Process.ChildProcess._handle.onexit (internal/child_process.js:230:5)
15 verbose pkgid slowdown4studentsprototyp@0.0.0
16 verbose cwd C:\Users\Müller Christina\Documents\GitHub\slowdown4students_frontend\slowdown4studentsprototype_19.11_front-end
17 error Windows_NT 6.1.7601
18 error argv "C:\\Program Files\\nodejs\\node.exe" "C:\\Program Files\\nodejs\\node_modules\\npm\\bin\\npm-cli.js" "start"
19 error node v6.11.4
20 error npm  v3.10.10
21 error code ELIFECYCLE
22 error slowdown4studentsprototyp@0.0.0 start: `node app`
22 error Exit status 3221225786
23 error Failed at the slowdown4studentsprototyp@0.0.0 start script 'node app'.
23 error Make sure you have the latest version of node.js and npm installed.
23 error If you do, this is most likely a problem with the slowdown4studentsprototyp package,
23 error not with npm itself.
23 error Tell the author that this fails on your system:
23 error     node app
23 error You can get information on how to open an issue for this project with:
23 error     npm bugs slowdown4studentsprototyp
23 error Or if that isn't available, you can get their info via:
23 error     npm owner ls slowdown4studentsprototyp
23 error There is likely additional logging output above.
24 verbose exit [ 1, true ]
